<?xml version="1.0" encoding="UTF-8"?>
<!-- Generated by org.testng.reporters.JUnitXMLReporter -->
<testsuite ignored="0" hostname="Raj" failures="0" tests="9" name="Default test" time="0.102" errors="0" timestamp="2025-07-05T16:34:18 IST">
  <testcase classname="com.krollresolver.automation.base.BaseTest" name="@BeforeClass initialize" time="-1.751713458184E9">
    <failure type="org.testng.TestNGException" message="
Parameter &amp;apos;browser&amp;apos; is required by BeforeClass on method initialize but has not been marked @Optional or defined
in C:\Users\rajku\AppData\Local\Temp\testng-eclipse--1517831822\testng-customsuite.xml">
      <![CDATA[org.testng.TestNGException: 
Parameter 'browser' is required by BeforeClass on method initialize but has not been marked @Optional or defined
in C:\Users\rajku\AppData\Local\Temp\testng-eclipse--1517831822\testng-customsuite.xml
at org.testng.internal.Parameters.createParams(Parameters.java:264)
at org.testng.internal.Parameters.createParametersForMethod(Parameters.java:352)
at org.testng.internal.Parameters.createParameters(Parameters.java:690)
at org.testng.internal.Parameters.createConfigurationParameters(Parameters.java:163)
at org.testng.internal.invokers.ConfigInvoker.invokeConfigurations(ConfigInvoker.java:313)
at org.testng.internal.invokers.TestMethodWorker.invokeBeforeClassMethods(TestMethodWorker.java:188)
at org.testng.internal.invokers.TestMethodWorker.run(TestMethodWorker.java:128)
at java.base/java.util.ArrayList.forEach(ArrayList.java:1596)
at org.testng.TestRunner.privateRun(TestRunner.java:741)
at org.testng.TestRunner.run(TestRunner.java:616)
at org.testng.SuiteRunner.runTest(SuiteRunner.java:421)
at org.testng.SuiteRunner.runSequentially(SuiteRunner.java:413)
at org.testng.SuiteRunner.privateRun(SuiteRunner.java:373)
at org.testng.SuiteRunner.run(SuiteRunner.java:312)
at org.testng.SuiteRunnerWorker.runSuite(SuiteRunnerWorker.java:52)
at org.testng.SuiteRunnerWorker.run(SuiteRunnerWorker.java:95)
at org.testng.TestNG.runSuitesSequentially(TestNG.java:1274)
at org.testng.TestNG.runSuitesLocally(TestNG.java:1208)
at org.testng.TestNG.runSuites(TestNG.java:1112)
at org.testng.TestNG.run(TestNG.java:1079)
at org.testng.remote.AbstractRemoteTestNG.run(AbstractRemoteTestNG.java:115)
at org.testng.remote.RemoteTestNG.initAndRun(RemoteTestNG.java:293)
at org.testng.remote.RemoteTestNG.main(RemoteTestNG.java:91)
]]>
    </failure>
  </testcase> <!-- @BeforeClass initialize -->
  <testcase classname="com.krollresolver.automation.tests.Test1_LoginTest" name="@BeforeMethod setUpPage" time="0.0">
    <skipped/>
  </testcase> <!-- @BeforeMethod setUpPage -->
  <testcase classname="com.krollresolver.automation.tests.Test1_LoginTest" name="@BeforeMethod setUpPage" time="0.0">
    <skipped/>
  </testcase> <!-- @BeforeMethod setUpPage -->
  <testcase classname="com.krollresolver.automation.tests.Test1_LoginTest" name="@BeforeMethod setUpPage" time="0.0">
    <skipped/>
  </testcase> <!-- @BeforeMethod setUpPage -->
  <testcase classname="com.krollresolver.automation.tests.Test1_LoginTest" name="@BeforeMethod setUpPage" time="0.0">
    <skipped/>
  </testcase> <!-- @BeforeMethod setUpPage -->
  <testcase classname="com.krollresolver.automation.tests.Test1_LoginTest" name="@BeforeMethod setUpPage" time="0.0">
    <skipped/>
  </testcase> <!-- @BeforeMethod setUpPage -->
  <testcase classname="com.krollresolver.automation.tests.Test1_LoginTest" name="@BeforeMethod setUpPage" time="0.0">
    <skipped/>
  </testcase> <!-- @BeforeMethod setUpPage -->
  <testcase classname="com.krollresolver.automation.tests.Test1_LoginTest" name="@BeforeMethod setUpPage" time="0.0">
    <skipped/>
  </testcase> <!-- @BeforeMethod setUpPage -->
  <testcase classname="com.krollresolver.automation.tests.Test1_LoginTest" name="@BeforeMethod setUpPage" time="0.0">
    <skipped/>
  </testcase> <!-- @BeforeMethod setUpPage -->
  <testcase classname="com.krollresolver.automation.tests.Test1_LoginTest" name="@BeforeMethod setUpPage" time="0.0">
    <skipped/>
  </testcase> <!-- @BeforeMethod setUpPage -->
  <testcase classname="com.krollresolver.automation.base.BaseTest" name="@AfterClass tearDown" time="0.0">
    <skipped/>
  </testcase> <!-- @AfterClass tearDown -->
  <testcase classname="com.krollresolver.automation.tests.Test1_LoginTest" name="verifyLoginFieldsArePresent" time="0.0">
    <skipped/>
  </testcase> <!-- verifyLoginFieldsArePresent -->
  <testcase classname="com.krollresolver.automation.tests.Test1_LoginTest" name="verifyInvalidEmailFormatValidation" time="0.0">
    <skipped/>
  </testcase> <!-- verifyInvalidEmailFormatValidation -->
  <testcase classname="com.krollresolver.automation.tests.Test1_LoginTest" name="verifyRequiredPasswordFieldValidationMessage" time="0.0">
    <skipped/>
  </testcase> <!-- verifyRequiredPasswordFieldValidationMessage -->
  <testcase classname="com.krollresolver.automation.tests.Test1_LoginTest" name="verifyRequiredEmailFieldValidationMessage" time="0.0">
    <skipped/>
  </testcase> <!-- verifyRequiredEmailFieldValidationMessage -->
  <testcase classname="com.krollresolver.automation.tests.Test1_LoginTest" name="verifyPasswordFieldIsMasked" time="0.0">
    <skipped/>
  </testcase> <!-- verifyPasswordFieldIsMasked -->
  <testcase classname="com.krollresolver.automation.tests.Test1_LoginTest" name="verifyInputFieldPlaceholders" time="0.0">
    <skipped/>
  </testcase> <!-- verifyInputFieldPlaceholders -->
  <testcase classname="com.krollresolver.automation.tests.Test1_LoginTest" name="verifyFieldValidationMessages" time="0.0">
    <skipped/>
  </testcase> <!-- verifyFieldValidationMessages -->
  <testcase classname="com.krollresolver.automation.tests.Test1_LoginTest" name="verifyFieldValidationMessages" time="0.0">
    <skipped/>
  </testcase> <!-- verifyFieldValidationMessages -->
  <testcase classname="com.krollresolver.automation.tests.Test1_LoginTest" name="verifyFieldValidationMessages" time="0.0">
    <skipped/>
  </testcase> <!-- verifyFieldValidationMessages -->
</testsuite> <!-- Default test -->
